<?xml version="1.0" encoding="UTF-8"?>
<testsuite xmlns:xsi="http://www.w3.org/2001/XMLSchema-instance" xsi:noNamespaceSchemaLocation="https://maven.apache.org/surefire/maven-surefire-plugin/xsd/surefire-test-report.xsd" name="io.javabrains.MathUtilsTest" time="0.12" tests="6" errors="1" skipped="1" failures="0">
  <properties>
[...]
</properties>
  <testcase name="testAdd" classname="io.javabrains.MathUtilsTest" time="0.055"/>
  <testcase name="testDivide" classname="io.javabrains.MathUtilsTest" time="0">
    <skipped message="Assumption failed: assumption is not true" type="org.opentest4j.TestAbortedException">org.opentest4j.TestAbortedException: Assumption failed: assumption is not true
	at io.javabrains.MathUtilsTest.testDivide(MathUtilsTest.java:104)
</skipped>
  </testcase>
  <testcase name="testMultiply" classname="io.javabrains.MathUtilsTest" time="0.008"/>
  <testcase name="testComputeCircleRadius{RepetitionInfo}" classname="io.javabrains.MathUtilsTest" time="0.005">
    <error message="No ParameterResolver registered for parameter [org.junit.jupiter.api.RepetitionInfo arg0] in method [void io.javabrains.MathUtilsTest.testComputeCircleRadius(org.junit.jupiter.api.RepetitionInfo)]." type="org.junit.jupiter.api.extension.ParameterResolutionException">org.junit.jupiter.api.extension.ParameterResolutionException: No ParameterResolver registered for parameter [org.junit.jupiter.api.RepetitionInfo arg0] in method [void io.javabrains.MathUtilsTest.testComputeCircleRadius(org.junit.jupiter.api.RepetitionInfo)].
</error>
  </testcase>
  <testcase name="testAddPositive" classname="io.javabrains.MathUtilsTest$AddTest" time="0.004"/>
  <testcase name="testAddNagative" classname="io.javabrains.MathUtilsTest$AddTest" time="0.013"/>
</testsuite>